{"level":"info","message":"Info message"}
{"level":"error","message":"Error message"}
{"level":"info","message":">>>>>>> Skipping >>>>>>> Work order 25450 already exists in the database."}
{"level":"info","message":"Info message"}
{"level":"error","message":"Error message"}
{"level":"info","message":">>>>>>> Skipping >>>>>>> Work order 25450 already exists in the database."}
{"level":"info","message":"Info message"}
{"level":"error","message":"Error message"}
{"level":"info","message":">>>>>>> Skipping >>>>>>> Work order 25450 already exists in the database."}
{"level":"info","message":"Info message"}
{"level":"error","message":"Error message"}
{"level":"info","message":">>>>>>> Skipping >>>>>>> Work order 25472 already exists in the database."}
{"level":"info","message":">>>>>>> Skipping >>>>>>> Work order 25450 already exists in the database."}
{"level":"info","message":"Info message"}
{"level":"error","message":"Error message"}
{"level":"info","message":">>>>>>> Skipping >>>>>>> Work order 25472 already exists in the database."}
{"level":"info","message":">>>>>>> Skipping >>>>>>> Work order 25450 already exists in the database."}
{"level":"info","message":"Info message"}
{"level":"error","message":"Error message"}
{"level":"info","message":">>>>>>> Skipping >>>>>>> Work order 25472 already exists in the database."}
{"level":"info","message":">>>>>>> Skipping >>>>>>> Work order 25450 already exists in the database."}
{"level":"error","message":"Failed to get or create work orders: Cannot read properties of undefined (reading 'status')","stack":"TypeError: Cannot read properties of undefined (reading 'status')\n    at getWorkOrderAppfolio (file:///Users/emmy/projects/bles/RockCreek/server/controllers/WorkOrderController.js:80:9)\n    at process.processTicksAndRejections (node:internal/process/task_queues:95:5)"}
{"level":"error","message":{"error":"An error occurred while processing your request."}}
{"level":"info","message":"Info message"}
{"level":"error","message":"Error message"}
{"level":"info","message":">>>>>>> Skipping >>>>>>> Work order 25450 already exists in the database."}
{"level":"info","message":">>>>>>> Skipping >>>>>>> Work order 25472 already exists in the database."}
{"level":"error","message":"Failed to get or create work orders: Cannot read properties of undefined (reading 'status')","stack":"TypeError: Cannot read properties of undefined (reading 'status')\n    at getWorkOrderAppfolio (file:///Users/emmy/projects/bles/RockCreek/server/controllers/WorkOrderController.js:80:9)\n    at process.processTicksAndRejections (node:internal/process/task_queues:95:5)"}
{"level":"error","message":{"error":"An error occurred while processing your request."}}
{"level":"info","message":"Info message"}
{"level":"error","message":"Error message"}
{"level":"info","message":">>>>>>> Skipping >>>>>>> Work order 25472 already exists in the database."}
{"level":"info","message":">>>>>>> Skipping >>>>>>> Work order 25450 already exists in the database."}
{"level":"error","message":"Failed to get or create work orders: Cannot read properties of undefined (reading 'status')","stack":"TypeError: Cannot read properties of undefined (reading 'status')\n    at getWorkOrderAppfolio (file:///Users/emmy/projects/bles/RockCreek/server/controllers/WorkOrderController.js:85:9)\n    at process.processTicksAndRejections (node:internal/process/task_queues:95:5)"}
{"level":"error","message":{"error":"An error occurred while processing your request."}}
{"level":"info","message":"Info message"}
{"level":"error","message":"Error message"}
{"level":"info","message":">>>>>>> Skipping >>>>>>> Work order 25472 already exists in the database."}
{"level":"info","message":">>>>>>> Skipping >>>>>>> Work order 25450 already exists in the database."}
{"level":"error","message":"Failed to get or create work orders: Cannot read properties of undefined (reading 'status')","stack":"TypeError: Cannot read properties of undefined (reading 'status')\n    at getWorkOrderAppfolio (file:///Users/emmy/projects/bles/RockCreek/server/controllers/WorkOrderController.js:85:9)\n    at process.processTicksAndRejections (node:internal/process/task_queues:95:5)"}
{"level":"error","message":{"error":"An error occurred while processing your request."}}
{"level":"info","message":"Info message"}
{"level":"error","message":"Error message"}
{"level":"info","message":">>>>>>> Skipping >>>>>>> Work order 25472 already exists in the database."}
{"level":"info","message":">>>>>>> Skipping >>>>>>> Work order 25450 already exists in the database."}
{"level":"error","message":"Failed to get or create work orders: Cannot read properties of undefined (reading 'status')","stack":"TypeError: Cannot read properties of undefined (reading 'status')\n    at getWorkOrderAppfolio (file:///Users/emmy/projects/bles/RockCreek/server/controllers/WorkOrderController.js:89:9)\n    at process.processTicksAndRejections (node:internal/process/task_queues:95:5)"}
{"level":"error","message":{"error":"An error occurred while processing your request."}}
{"level":"info","message":"Info message"}
{"level":"error","message":"Error message"}
{"level":"info","message":">>>>>>> Skipping >>>>>>> Work order 25450 already exists in the database."}
{"level":"info","message":">>>>>>> Skipping >>>>>>> Work order 25472 already exists in the database."}
{"level":"error","message":"Failed to get or create work orders: Cannot read properties of undefined (reading 'status')","stack":"TypeError: Cannot read properties of undefined (reading 'status')\n    at getWorkOrderAppfolio (file:///Users/emmy/projects/bles/RockCreek/server/controllers/WorkOrderController.js:91:9)\n    at process.processTicksAndRejections (node:internal/process/task_queues:95:5)"}
{"level":"error","message":{"error":"An error occurred while processing your request."}}
{"level":"info","message":"Info message"}
{"level":"error","message":"Error message"}
{"level":"info","message":">>>>>>> Skipping >>>>>>> Work order 25472 already exists in the database."}
{"level":"info","message":">>>>>>> Skipping >>>>>>> Work order 25450 already exists in the database."}
{"level":"error","message":"Failed to get or create work orders: Cannot read properties of undefined (reading 'status')","stack":"TypeError: Cannot read properties of undefined (reading 'status')\n    at getWorkOrderAppfolio (file:///Users/emmy/projects/bles/RockCreek/server/controllers/WorkOrderController.js:86:9)\n    at process.processTicksAndRejections (node:internal/process/task_queues:95:5)"}
{"level":"error","message":{"error":"An error occurred while processing your request."}}
{"level":"info","message":"Info message"}
{"level":"error","message":"Error message"}
{"level":"info","message":">>>>>>> Skipping >>>>>>> Work order 25472 already exists in the database."}
{"level":"info","message":">>>>>>> Skipping >>>>>>> Work order 25450 already exists in the database."}
{"level":"error","message":"Failed to get or create work orders: Cannot read properties of undefined (reading 'status')","stack":"TypeError: Cannot read properties of undefined (reading 'status')\n    at getWorkOrderAppfolio (file:///Users/emmy/projects/bles/RockCreek/server/controllers/WorkOrderController.js:86:9)\n    at process.processTicksAndRejections (node:internal/process/task_queues:95:5)"}
{"level":"error","message":{"error":"An error occurred while processing your request."}}
{"level":"error","message":"Failed to get or create work orders: createdClient.find is not a function","stack":"TypeError: createdClient.find is not a function\n    at file:///Users/emmy/projects/bles/RockCreek/server/controllers/WorkOrderController.js:49:44\n    at process.processTicksAndRejections (node:internal/process/task_queues:95:5)\n    at async Promise.all (index 1)\n    at async getWorkOrderAppfolio (file:///Users/emmy/projects/bles/RockCreek/server/controllers/WorkOrderController.js:33:29)"}
{"level":"error","message":{"error":"An error occurred while processing your request."}}
{"level":"info","message":"Info message"}
{"level":"error","message":"Error message"}
{"level":"info","message":">>>>>>> Skipping >>>>>>> Work order 25472 already exists in the database."}
{"level":"info","message":">>>>>>> Skipping >>>>>>> Work order 25450 already exists in the database."}
{"level":"error","message":"Failed to get or create work orders: Cannot read properties of undefined (reading 'status')","stack":"TypeError: Cannot read properties of undefined (reading 'status')\n    at getWorkOrderAppfolio (file:///Users/emmy/projects/bles/RockCreek/server/controllers/WorkOrderController.js:86:9)\n    at process.processTicksAndRejections (node:internal/process/task_queues:95:5)"}
{"level":"error","message":{"error":"An error occurred while processing your request."}}
{"level":"info","message":"Info message"}
{"level":"error","message":"Error message"}
{"level":"info","message":">>>>>>> Skipping >>>>>>> Work order 25450 already exists in the database."}
{"level":"info","message":">>>>>>> Skipping >>>>>>> Work order 25472 already exists in the database."}
{"level":"error","message":"Failed to get or create work orders: Cannot read properties of undefined (reading 'status')","stack":"TypeError: Cannot read properties of undefined (reading 'status')\n    at getWorkOrderAppfolio (file:///Users/emmy/projects/bles/RockCreek/server/controllers/WorkOrderController.js:86:9)\n    at process.processTicksAndRejections (node:internal/process/task_queues:95:5)"}
{"level":"error","message":{"error":"An error occurred while processing your request."}}
{"level":"info","message":">>>>>>> Skipping >>>>>>> Work order 25472 already exists in the database."}
{"level":"info","message":">>>>>>> Skipping >>>>>>> Work order 25450 already exists in the database."}
{"level":"info","message":">>>>>>> Skipping >>>>>>> Work order 25450 already exists in the database."}
{"level":"info","message":">>>>>>> Skipping >>>>>>> Work order 25472 already exists in the database."}
{"level":"error"}
{"level":"error","message":"Failed to get or create work orders: Cannot read properties of undefined (reading 'invoice_number')","stack":"TypeError: Cannot read properties of undefined (reading 'invoice_number')\n    at file:///Users/emmy/projects/bles/RockCreek/server/controllers/WorkOrderController.js:58:37\n    at process.processTicksAndRejections (node:internal/process/task_queues:95:5)\n    at async Promise.all (index 1)\n    at async getWorkOrderAppfolio (file:///Users/emmy/projects/bles/RockCreek/server/controllers/WorkOrderController.js:33:29)"}
{"level":"error","message":{"error":"An error occurred while processing your request."}}
{"level":"error"}
{"level":"info","message":"Info message"}
{"level":"error","message":"Error message"}
{"level":"error"}
{"level":"error","message":"Failed to get or create work orders: Cannot read properties of undefined (reading 'invoice_number')","stack":"TypeError: Cannot read properties of undefined (reading 'invoice_number')\n    at file:///Users/emmy/projects/bles/RockCreek/server/controllers/WorkOrderController.js:58:37\n    at process.processTicksAndRejections (node:internal/process/task_queues:95:5)\n    at async Promise.all (index 0)\n    at async getWorkOrderAppfolio (file:///Users/emmy/projects/bles/RockCreek/server/controllers/WorkOrderController.js:33:29)"}
{"level":"error","message":{"error":"An error occurred while processing your request."}}
{"level":"error"}
{"level":"error"}
{"level":"error","message":"Failed to get or create work orders: Cannot read properties of undefined (reading 'invoice_number')","stack":"TypeError: Cannot read properties of undefined (reading 'invoice_number')\n    at file:///Users/emmy/projects/bles/RockCreek/server/controllers/WorkOrderController.js:58:37\n    at process.processTicksAndRejections (node:internal/process/task_queues:95:5)\n    at async Promise.all (index 1)\n    at async getWorkOrderAppfolio (file:///Users/emmy/projects/bles/RockCreek/server/controllers/WorkOrderController.js:33:29)"}
{"level":"error","message":{"error":"An error occurred while processing your request."}}
{"level":"error"}
{"level":"info","message":"Info message"}
{"level":"error","message":"Error message"}
{"level":"info","message":"Info message"}
{"level":"error","message":"Error message"}
{"level":"info","message":">>>>>>> Skipping >>>>>>> Work order 25472 already exists in the database."}
{"level":"info","message":">>>>>>> Skipping >>>>>>> Work order 25450 already exists in the database."}
{"level":"error","message":"Failed to get or create work orders: Cannot read properties of undefined (reading 'status')","stack":"TypeError: Cannot read properties of undefined (reading 'status')\n    at getWorkOrderAppfolio (file:///Users/emmy/projects/bles/RockCreek/server/controllers/WorkOrderController.js:86:9)\n    at process.processTicksAndRejections (node:internal/process/task_queues:95:5)"}
{"level":"error","message":{"error":"An error occurred while processing your request."}}
{"level":"info","message":">>>>>>> Skipping >>>>>>> Work order 25450 already exists in the database."}
{"level":"info","message":">>>>>>> Skipping >>>>>>> Work order 25472 already exists in the database."}
{"level":"error"}
{"level":"error","message":"Failed to get or create work orders: Cannot read properties of undefined (reading 'invoice_number')","stack":"TypeError: Cannot read properties of undefined (reading 'invoice_number')\n    at file:///Users/emmy/projects/bles/RockCreek/server/controllers/WorkOrderController.js:58:37\n    at process.processTicksAndRejections (node:internal/process/task_queues:95:5)\n    at async Promise.all (index 0)\n    at async getWorkOrderAppfolio (file:///Users/emmy/projects/bles/RockCreek/server/controllers/WorkOrderController.js:33:29)"}
{"level":"error","message":{"error":"An error occurred while processing your request."}}
{"level":"error"}
{"level":"info","message":"Info message"}
{"level":"error","message":"Error message"}
{"level":"error"}
{"level":"error","message":"Failed to get or create work orders: Cannot read properties of undefined (reading 'json')","stack":"TypeError: Cannot read properties of undefined (reading 'json')\n    at file:///Users/emmy/projects/bles/RockCreek/server/controllers/WorkOrderController.js:57:24\n    at process.processTicksAndRejections (node:internal/process/task_queues:95:5)\n    at async Promise.all (index 0)\n    at async getWorkOrderAppfolio (file:///Users/emmy/projects/bles/RockCreek/server/controllers/WorkOrderController.js:33:29)"}
{"level":"error","message":{"error":"An error occurred while processing your request."}}
{"level":"error"}
{"level":"info","message":"Info message"}
{"level":"error","message":"Error message"}
{"level":"info","message":"Info message"}
{"level":"error","message":"Error message"}
{"level":"error","message":"Failed to get or create work orders: Cannot read properties of undefined (reading 'json')","stack":"TypeError: Cannot read properties of undefined (reading 'json')\n    at file:///Users/emmy/projects/bles/RockCreek/server/controllers/WorkOrderController.js:55:23\n    at process.processTicksAndRejections (node:internal/process/task_queues:95:5)\n    at async Promise.all (index 1)\n    at async getWorkOrderAppfolio (file:///Users/emmy/projects/bles/RockCreek/server/controllers/WorkOrderController.js:33:29)"}
{"level":"error","message":{"error":"An error occurred while processing your request."}}
{"level":"error","message":"Failed to get or create work orders: Converting circular structure to JSON\n    --> starting at object with constructor 'ServerResponse'\n    |     property 'socket' -> object with constructor 'Socket'\n    --- property '_httpMessage' closes the circle","stack":"TypeError: Converting circular structure to JSON\n    --> starting at object with constructor 'ServerResponse'\n    |     property 'socket' -> object with constructor 'Socket'\n    --- property '_httpMessage' closes the circle\n    at JSON.stringify (<anonymous>)\n    at stringify (/Users/emmy/projects/bles/RockCreek/server/node_modules/express/lib/response.js:1159:12)\n    at ServerResponse.json (/Users/emmy/projects/bles/RockCreek/server/node_modules/express/lib/response.js:272:14)\n    at getWorkOrderAppfolio (file:///Users/emmy/projects/bles/RockCreek/server/controllers/WorkOrderController.js:88:21)\n    at process.processTicksAndRejections (node:internal/process/task_queues:95:5)"}
{"level":"error","message":{"error":"An error occurred while processing your request."}}
{"level":"error","message":"Failed to get or create work orders: Converting circular structure to JSON\n    --> starting at object with constructor 'Socket'\n    |     property 'parser' -> object with constructor 'HTTPParser'\n    --- property 'socket' closes the circle","stack":"TypeError: Converting circular structure to JSON\n    --> starting at object with constructor 'Socket'\n    |     property 'parser' -> object with constructor 'HTTPParser'\n    --- property 'socket' closes the circle\n    at JSON.stringify (<anonymous>)\n    at stringify (/Users/emmy/projects/bles/RockCreek/server/node_modules/express/lib/response.js:1159:12)\n    at ServerResponse.json (/Users/emmy/projects/bles/RockCreek/server/node_modules/express/lib/response.js:272:14)\n    at getWorkOrderAppfolio (file:///Users/emmy/projects/bles/RockCreek/server/controllers/WorkOrderController.js:88:21)\n    at process.processTicksAndRejections (node:internal/process/task_queues:95:5)"}
{"level":"error","message":{"error":"An error occurred while processing your request."}}
{"level":"info","message":"Info message"}
{"level":"error","message":"Error message"}
{"level":"info","message":"Info message"}
{"level":"error","message":"Error message"}
{"level":"info","message":">>>>>>> Skipping >>>>>>> Work order 25472 already exists in the database."}
{"level":"info","message":">>>>>>> Skipping >>>>>>> Work order 25450 already exists in the database."}
{"level":"error","message":"Failed to get or create work orders: Cannot read properties of undefined (reading 'status')","stack":"TypeError: Cannot read properties of undefined (reading 'status')\n    at getWorkOrderAppfolio (file:///Users/emmy/projects/bles/RockCreek/server/controllers/WorkOrderController.js:90:9)\n    at process.processTicksAndRejections (node:internal/process/task_queues:95:5)"}
{"level":"error","message":{"error":"An error occurred while processing your request."}}
{"level":"error","message":"Failed to get or create work orders: \"undefined\" is not valid JSON","stack":"SyntaxError: \"undefined\" is not valid JSON\n    at JSON.parse (<anonymous>)\n    at removeCircularReferences (file:///Users/emmy/projects/bles/RockCreek/server/controllers/WorkOrderController.js:276:15)\n    at file:///Users/emmy/projects/bles/RockCreek/server/controllers/WorkOrderController.js:55:36\n    at process.processTicksAndRejections (node:internal/process/task_queues:95:5)\n    at async Promise.all (index 1)\n    at async getWorkOrderAppfolio (file:///Users/emmy/projects/bles/RockCreek/server/controllers/WorkOrderController.js:33:29)"}
{"level":"error","message":{"error":"An error occurred while processing your request."}}
{"level":"info","message":"Info message"}
{"level":"error","message":"Error message"}
{"level":"info","message":">>>>>>> Skipping >>>>>>> Work order 25472 already exists in the database."}
{"level":"info","message":">>>>>>> Skipping >>>>>>> Work order 25450 already exists in the database."}
{"level":"error","message":"Failed to get or create work orders: Cannot read properties of undefined (reading 'status')","stack":"TypeError: Cannot read properties of undefined (reading 'status')\n    at getWorkOrderAppfolio (file:///Users/emmy/projects/bles/RockCreek/server/controllers/WorkOrderController.js:90:9)\n    at process.processTicksAndRejections (node:internal/process/task_queues:95:5)"}
{"level":"error","message":{"error":"An error occurred while processing your request."}}
{"level":"error","message":"Failed to get or create work orders: \"undefined\" is not valid JSON","stack":"SyntaxError: \"undefined\" is not valid JSON\n    at JSON.parse (<anonymous>)\n    at removeCircularReferences (file:///Users/emmy/projects/bles/RockCreek/server/controllers/WorkOrderController.js:276:15)\n    at file:///Users/emmy/projects/bles/RockCreek/server/controllers/WorkOrderController.js:55:36\n    at process.processTicksAndRejections (node:internal/process/task_queues:95:5)\n    at async Promise.all (index 0)\n    at async getWorkOrderAppfolio (file:///Users/emmy/projects/bles/RockCreek/server/controllers/WorkOrderController.js:33:29)"}
{"level":"error","message":{"error":"An error occurred while processing your request."}}
{"level":"info","message":"Info message"}
{"level":"error","message":"Error message"}
{"level":"error","message":"Failed to get or create work orders: \"undefined\" is not valid JSON","stack":"SyntaxError: \"undefined\" is not valid JSON\n    at JSON.parse (<anonymous>)\n    at removeCircularReferences (file:///Users/emmy/projects/bles/RockCreek/server/controllers/WorkOrderController.js:276:15)\n    at file:///Users/emmy/projects/bles/RockCreek/server/controllers/WorkOrderController.js:55:36\n    at process.processTicksAndRejections (node:internal/process/task_queues:95:5)\n    at async Promise.all (index 0)\n    at async getWorkOrderAppfolio (file:///Users/emmy/projects/bles/RockCreek/server/controllers/WorkOrderController.js:33:29)"}
{"level":"error","message":{"error":"An error occurred while processing your request."}}
{"level":"info","message":"Info message"}
{"level":"error","message":"Error message"}
{"level":"info","message":">>>>>>> Skipping >>>>>>> Work order 25450 already exists in the database."}
{"level":"info","message":">>>>>>> Skipping >>>>>>> Work order 25472 already exists in the database."}
{"level":"error","message":"Failed to get or create work orders: Cannot read properties of undefined (reading 'status')","stack":"TypeError: Cannot read properties of undefined (reading 'status')\n    at getWorkOrderAppfolio (file:///Users/emmy/projects/bles/RockCreek/server/controllers/WorkOrderController.js:90:9)\n    at process.processTicksAndRejections (node:internal/process/task_queues:95:5)"}
{"level":"error","message":{"error":"An error occurred while processing your request."}}
{"level":"info","message":">>>>>>> Skipping >>>>>>> Work order 25472 already exists in the database."}
{"level":"info","message":">>>>>>> Skipping >>>>>>> Work order 25450 already exists in the database."}
{"level":"error","message":"Failed to get or create work orders: \"undefined\" is not valid JSON","stack":"SyntaxError: \"undefined\" is not valid JSON\n    at JSON.parse (<anonymous>)\n    at removeCircularReferences (file:///Users/emmy/projects/bles/RockCreek/server/controllers/WorkOrderController.js:276:15)\n    at file:///Users/emmy/projects/bles/RockCreek/server/controllers/WorkOrderController.js:55:36\n    at process.processTicksAndRejections (node:internal/process/task_queues:95:5)\n    at async Promise.all (index 0)\n    at async getWorkOrderAppfolio (file:///Users/emmy/projects/bles/RockCreek/server/controllers/WorkOrderController.js:33:29)"}
{"level":"error","message":{"error":"An error occurred while processing your request."}}
{"level":"info","message":"Info message"}
{"level":"error","message":"Error message"}
{"level":"error","message":"Failed to get or create work orders: \"undefined\" is not valid JSON","stack":"SyntaxError: \"undefined\" is not valid JSON\n    at JSON.parse (<anonymous>)\n    at removeCircularReferences (file:///Users/emmy/projects/bles/RockCreek/server/controllers/WorkOrderController.js:276:15)\n    at file:///Users/emmy/projects/bles/RockCreek/server/controllers/WorkOrderController.js:55:36\n    at process.processTicksAndRejections (node:internal/process/task_queues:95:5)\n    at async Promise.all (index 0)\n    at async getWorkOrderAppfolio (file:///Users/emmy/projects/bles/RockCreek/server/controllers/WorkOrderController.js:33:29)"}
{"level":"error","message":{"error":"An error occurred while processing your request."}}
{"level":"error","message":"Failed to get or create work orders: \"undefined\" is not valid JSON","stack":"SyntaxError: \"undefined\" is not valid JSON\n    at JSON.parse (<anonymous>)\n    at removeCircularReferences (file:///Users/emmy/projects/bles/RockCreek/server/controllers/WorkOrderController.js:276:15)\n    at file:///Users/emmy/projects/bles/RockCreek/server/controllers/WorkOrderController.js:55:36\n    at process.processTicksAndRejections (node:internal/process/task_queues:95:5)\n    at async Promise.all (index 0)\n    at async getWorkOrderAppfolio (file:///Users/emmy/projects/bles/RockCreek/server/controllers/WorkOrderController.js:33:29)"}
{"level":"error","message":{"error":"An error occurred while processing your request."}}
{"level":"info","message":"Info message"}
{"level":"error","message":"Error message"}
{"level":"info","message":">>>>>>> Skipping >>>>>>> Work order 25472 already exists in the database."}
{"level":"info","message":">>>>>>> Skipping >>>>>>> Work order 25450 already exists in the database."}
{"level":"error","message":"Failed to get or create work orders: Cannot read properties of undefined (reading 'status')","stack":"TypeError: Cannot read properties of undefined (reading 'status')\n    at getWorkOrderAppfolio (file:///Users/emmy/projects/bles/RockCreek/server/controllers/WorkOrderController.js:90:9)\n    at process.processTicksAndRejections (node:internal/process/task_queues:95:5)"}
{"level":"error","message":{"error":"An error occurred while processing your request."}}
{"level":"info","message":"Info message"}
{"level":"error","message":"Error message"}
{"level":"info","message":">>>>>>> Skipping >>>>>>> Work order 25472 already exists in the database."}
{"level":"info","message":">>>>>>> Skipping >>>>>>> Work order 25450 already exists in the database."}
{"level":"error","message":"Failed to get or create work orders: Cannot read properties of undefined (reading 'status')","stack":"TypeError: Cannot read properties of undefined (reading 'status')\n    at getWorkOrderAppfolio (file:///Users/emmy/projects/bles/RockCreek/server/controllers/WorkOrderController.js:92:9)\n    at process.processTicksAndRejections (node:internal/process/task_queues:95:5)"}
{"level":"error","message":{"error":"An error occurred while processing your request."}}
{"level":"info","message":">>>>>>> Skipping >>>>>>> Work order 25450 already exists in the database."}
{"level":"info","message":">>>>>>> Skipping >>>>>>> Work order 25472 already exists in the database."}
{"level":"info","message":">>>>>>> Skipping >>>>>>> Work order 25450 already exists in the database."}
{"level":"info","message":">>>>>>> Skipping >>>>>>> Work order 25472 already exists in the database."}
{"code":"ERR_HTTP_HEADERS_SENT","level":"error","message":"Failed to get or create work orders: Cannot set headers after they are sent to the client","stack":"Error [ERR_HTTP_HEADERS_SENT]: Cannot set headers after they are sent to the client\n    at ServerResponse.setHeader (node:_http_outgoing:652:11)\n    at ServerResponse.header (/Users/emmy/projects/bles/RockCreek/server/node_modules/express/lib/response.js:795:10)\n    at ServerResponse.send (/Users/emmy/projects/bles/RockCreek/server/node_modules/express/lib/response.js:175:12)\n    at ServerResponse.json (/Users/emmy/projects/bles/RockCreek/server/node_modules/express/lib/response.js:279:15)\n    at file:///Users/emmy/projects/bles/RockCreek/server/controllers/WorkOrderController.js:49:29\n    at process.processTicksAndRejections (node:internal/process/task_queues:95:5)\n    at async Promise.all (index 1)\n    at async getWorkOrderAppfolio (file:///Users/emmy/projects/bles/RockCreek/server/controllers/WorkOrderController.js:33:29)"}
{"level":"error","message":{"error":"An error occurred while processing your request."}}
{"level":"info","message":"Info message"}
{"level":"error","message":"Error message"}
{"level":"info","message":"Info message"}
{"level":"error","message":"Error message"}
{"level":"info","message":">>>>>>> Skipping >>>>>>> Work order 25472 already exists in the database."}
{"level":"info","message":">>>>>>> Skipping >>>>>>> Work order 25450 already exists in the database."}
{"level":"error","message":"Failed to get or create work orders: Cannot read properties of undefined (reading 'status')","stack":"TypeError: Cannot read properties of undefined (reading 'status')\n    at getWorkOrderAppfolio (file:///Users/emmy/projects/bles/RockCreek/server/controllers/WorkOrderController.js:92:9)\n    at process.processTicksAndRejections (node:internal/process/task_queues:95:5)"}
{"level":"error","message":{"error":"An error occurred while processing your request."}}
{"level":"info","message":">>>>>>> Skipping >>>>>>> Work order 25450 already exists in the database."}
{"level":"info","message":">>>>>>> Skipping >>>>>>> Work order 25472 already exists in the database."}
{"level":"error","message":"Failed to get or create work orders: getClient is not defined","stack":"ReferenceError: getClient is not defined\n    at file:///Users/emmy/projects/bles/RockCreek/server/controllers/WorkOrderController.js:49:34\n    at process.processTicksAndRejections (node:internal/process/task_queues:95:5)\n    at async Promise.all (index 0)\n    at async getWorkOrderAppfolio (file:///Users/emmy/projects/bles/RockCreek/server/controllers/WorkOrderController.js:33:29)"}
{"level":"error","message":{"error":"An error occurred while processing your request."}}
{"level":"info","message":"Info message"}
{"level":"error","message":"Error message"}
{"level":"error","message":"Failed to get or create work orders: Cannot read properties of undefined (reading 'status')","stack":"TypeError: Cannot read properties of undefined (reading 'status')\n    at file:///Users/emmy/projects/bles/RockCreek/server/controllers/WorkOrderController.js:49:17\n    at process.processTicksAndRejections (node:internal/process/task_queues:95:5)\n    at async Promise.all (index 0)\n    at async getWorkOrderAppfolio (file:///Users/emmy/projects/bles/RockCreek/server/controllers/WorkOrderController.js:33:29)"}
{"level":"error","message":{"error":"An error occurred while processing your request."}}
{"level":"info","message":">>>>>>> Skipping >>>>>>> Work order 25472 already exists in the database."}
{"level":"info","message":">>>>>>> Skipping >>>>>>> Work order 25450 already exists in the database."}
{"code":"ERR_HTTP_HEADERS_SENT","level":"error","message":"Failed to get or create work orders: Cannot set headers after they are sent to the client","stack":"Error [ERR_HTTP_HEADERS_SENT]: Cannot set headers after they are sent to the client\n    at ServerResponse.setHeader (node:_http_outgoing:652:11)\n    at ServerResponse.header (/Users/emmy/projects/bles/RockCreek/server/node_modules/express/lib/response.js:795:10)\n    at ServerResponse.send (/Users/emmy/projects/bles/RockCreek/server/node_modules/express/lib/response.js:175:12)\n    at ServerResponse.json (/Users/emmy/projects/bles/RockCreek/server/node_modules/express/lib/response.js:279:15)\n    at file:///Users/emmy/projects/bles/RockCreek/server/controllers/WorkOrderController.js:49:29\n    at process.processTicksAndRejections (node:internal/process/task_queues:95:5)\n    at async Promise.all (index 1)\n    at async getWorkOrderAppfolio (file:///Users/emmy/projects/bles/RockCreek/server/controllers/WorkOrderController.js:33:29)"}
{"level":"error","message":{"error":"An error occurred while processing your request."}}
{"level":"info","message":"Info message"}
{"level":"error","message":"Error message"}
{"level":"error","message":"Failed to get or create work orders: Cannot read properties of undefined (reading 'status')","stack":"TypeError: Cannot read properties of undefined (reading 'status')\n    at file:///Users/emmy/projects/bles/RockCreek/server/controllers/WorkOrderController.js:57:16\n    at process.processTicksAndRejections (node:internal/process/task_queues:95:5)\n    at async Promise.all (index 0)\n    at async getWorkOrderAppfolio (file:///Users/emmy/projects/bles/RockCreek/server/controllers/WorkOrderController.js:33:29)"}
{"level":"error","message":{"error":"An error occurred while processing your request."}}
{"code":"ERR_HTTP_HEADERS_SENT","level":"error","message":"Failed to get or create work orders: Cannot set headers after they are sent to the client","stack":"Error [ERR_HTTP_HEADERS_SENT]: Cannot set headers after they are sent to the client\n    at ServerResponse.setHeader (node:_http_outgoing:652:11)\n    at ServerResponse.header (/Users/emmy/projects/bles/RockCreek/server/node_modules/express/lib/response.js:795:10)\n    at ServerResponse.send (/Users/emmy/projects/bles/RockCreek/server/node_modules/express/lib/response.js:175:12)\n    at ServerResponse.json (/Users/emmy/projects/bles/RockCreek/server/node_modules/express/lib/response.js:279:15)\n    at getWorkOrderAppfolio (file:///Users/emmy/projects/bles/RockCreek/server/controllers/WorkOrderController.js:94:21)\n    at process.processTicksAndRejections (node:internal/process/task_queues:95:5)"}
{"level":"error","message":{"error":"An error occurred while processing your request."}}
{"level":"info","message":"Info message"}
{"level":"error","message":"Error message"}
{"level":"error","message":"Failed to get or create work orders: Cannot read properties of undefined (reading 'status')","stack":"TypeError: Cannot read properties of undefined (reading 'status')\n    at file:///Users/emmy/projects/bles/RockCreek/server/controllers/WorkOrderController.js:57:16\n    at process.processTicksAndRejections (node:internal/process/task_queues:95:5)\n    at async Promise.all (index 0)\n    at async getWorkOrderAppfolio (file:///Users/emmy/projects/bles/RockCreek/server/controllers/WorkOrderController.js:33:29)"}
{"level":"error","message":{"error":"An error occurred while processing your request."}}
{"code":"ERR_HTTP_HEADERS_SENT","level":"error","message":"Failed to get or create work orders: Cannot set headers after they are sent to the client","stack":"Error [ERR_HTTP_HEADERS_SENT]: Cannot set headers after they are sent to the client\n    at ServerResponse.setHeader (node:_http_outgoing:652:11)\n    at ServerResponse.header (/Users/emmy/projects/bles/RockCreek/server/node_modules/express/lib/response.js:795:10)\n    at ServerResponse.send (/Users/emmy/projects/bles/RockCreek/server/node_modules/express/lib/response.js:175:12)\n    at ServerResponse.json (/Users/emmy/projects/bles/RockCreek/server/node_modules/express/lib/response.js:279:15)\n    at getWorkOrderAppfolio (file:///Users/emmy/projects/bles/RockCreek/server/controllers/WorkOrderController.js:94:21)\n    at process.processTicksAndRejections (node:internal/process/task_queues:95:5)"}
{"level":"error","message":{"error":"An error occurred while processing your request."}}
{"level":"info","message":"Info message"}
{"level":"error","message":"Error message"}
{"level":"info","message":"Info message"}
{"level":"error","message":"Error message"}
{"level":"info","message":">>>>>>> Skipping >>>>>>> Work order 25472 already exists in the database."}
{"level":"info","message":">>>>>>> Skipping >>>>>>> Work order 25450 already exists in the database."}
{"level":"info","message":"Info message"}
{"level":"error","message":"Error message"}
{"level":"info","message":">>>>>>> Skipping >>>>>>> Work order 25450 already exists in the database."}
{"level":"info","message":">>>>>>> Skipping >>>>>>> Work order 25472 already exists in the database."}
{"level":"info","message":">>>>>>> Skipping >>>>>>> Work order 25450 already exists in the database."}
{"level":"info","message":">>>>>>> Skipping >>>>>>> Work order 25472 already exists in the database."}
{"level":"info","message":">>>>>>> Skipping >>>>>>> Work order 25472 already exists in the database."}
{"level":"info","message":">>>>>>> Skipping >>>>>>> Work order 25450 already exists in the database."}
{"level":"info","message":"Info message"}
{"level":"error","message":"Error message"}
{"level":"info","message":">>>>>>> Skipping >>>>>>> Work order 25472 already exists in the database."}
{"level":"info","message":">>>>>>> Skipping >>>>>>> Work order 25450 already exists in the database."}
{"code":"ERR_HTTP_HEADERS_SENT","level":"error","message":"Failed to get or create work orders: Cannot set headers after they are sent to the client","stack":"Error [ERR_HTTP_HEADERS_SENT]: Cannot set headers after they are sent to the client\n    at ServerResponse.setHeader (node:_http_outgoing:652:11)\n    at ServerResponse.header (/Users/emmy/projects/bles/RockCreek/server/node_modules/express/lib/response.js:795:10)\n    at ServerResponse.send (/Users/emmy/projects/bles/RockCreek/server/node_modules/express/lib/response.js:175:12)\n    at ServerResponse.json (/Users/emmy/projects/bles/RockCreek/server/node_modules/express/lib/response.js:279:15)\n    at file:///Users/emmy/projects/bles/RockCreek/server/controllers/WorkOrderController.js:57:35\n    at process.processTicksAndRejections (node:internal/process/task_queues:95:5)\n    at async Promise.all (index 1)\n    at async getWorkOrderAppfolio (file:///Users/emmy/projects/bles/RockCreek/server/controllers/WorkOrderController.js:33:29)"}
{"level":"error","message":{"error":"An error occurred while processing your request."}}
{"level":"info","message":"Info message"}
{"level":"error","message":"Error message"}
{"level":"error"}
{"level":"error","message":"Failed to get or create work orders: Cannot read properties of undefined (reading 'invoice_number')","stack":"TypeError: Cannot read properties of undefined (reading 'invoice_number')\n    at file:///Users/emmy/projects/bles/RockCreek/server/controllers/WorkOrderController.js:66:37\n    at process.processTicksAndRejections (node:internal/process/task_queues:95:5)\n    at async Promise.all (index 0)\n    at async getWorkOrderAppfolio (file:///Users/emmy/projects/bles/RockCreek/server/controllers/WorkOrderController.js:33:29)"}
{"level":"error","message":{"error":"An error occurred while processing your request."}}
{"level":"error"}
{"level":"info","message":"Info message"}
{"level":"error","message":"Error message"}
{"level":"info","message":"Info message"}
{"level":"error","message":"Error message"}
{"level":"info","message":">>>>>>> Skipping >>>>>>> Work order 25450 already exists in the database."}
{"level":"error","message":"Failed to get or create work orders: Cannot read properties of undefined (reading 'status')","stack":"TypeError: Cannot read properties of undefined (reading 'status')\n    at getWorkOrderAppfolio (file:///Users/emmy/projects/bles/RockCreek/server/controllers/WorkOrderController.js:94:9)\n    at process.processTicksAndRejections (node:internal/process/task_queues:95:5)"}
{"level":"error","message":{"error":"An error occurred while processing your request."}}
{"level":"info","message":">>>>>>> Skipping >>>>>>> Work order 25450 already exists in the database."}
{"level":"info","message":">>>>>>> Skipping >>>>>>> Work order 25450 already exists in the database."}
{"level":"info","message":"Info message"}
{"level":"error","message":"Error message"}
{"level":"info","message":"Info message"}
{"level":"error","message":"Error message"}
{"level":"info","message":"Info message"}
{"level":"error","message":"Error message"}
{"level":"info","message":"Info message"}
{"level":"error","message":"Error message"}
{"level":"info","message":"Info message"}
{"level":"error","message":"Error message"}
{"code":"ERR_BAD_RESPONSE","config":{"adapter":["xhr","http"],"data":"{\"customer_id\":\"cus_cb7c719c44e34a05a8b38776f6151f20\",\"address_id\":\"adr_77d445de27da489aa2e04a841d02a56d\",\"line_items\":[{\"name\":\"22638-1 - test - Bles Software (Emmanuel)\",\"description\":\"test - Bles Software (Emmanuel)\",\"unit_price\":\"10.00\",\"quantity\":1,\"unit_cost\":\"10.00\"}],\"lead_source\":\"Appfolio\",\"notes\":\"test - Bles Software (Emmanuel)\"}","env":{},"headers":{"Accept":"application/json","Accept-Encoding":"gzip, compress, deflate, br","Authorization":"Token 4051cf1a40e94ed0858387b0f41818a1","Content-Length":"343","Content-Type":"application/json","User-Agent":"axios/1.6.8"},"maxBodyLength":-1,"maxContentLength":-1,"method":"post","timeout":0,"transformRequest":[null],"transformResponse":[null],"transitional":{"clarifyTimeoutError":false,"forcedJSONParsing":true,"silentJSONParsing":true},"url":"https://api.housecallpro.com/jobs","xsrfCookieName":"XSRF-TOKEN","xsrfHeaderName":"X-XSRF-TOKEN"},"message":"Request failed with status code 500","name":"AxiosError","stack":"AxiosError: Request failed with status code 500\n    at settle (file:///Users/emmy/projects/bles/RockCreek/server/node_modules/axios/lib/core/settle.js:19:12)\n    at IncomingMessage.handleStreamEnd (file:///Users/emmy/projects/bles/RockCreek/server/node_modules/axios/lib/adapters/http.js:589:11)\n    at IncomingMessage.emit (node:events:526:35)\n    at endReadableNT (node:internal/streams/readable:1589:12)\n    at process.processTicksAndRejections (node:internal/process/task_queues:82:21)\n    at Axios.request (file:///Users/emmy/projects/bles/RockCreek/server/node_modules/axios/lib/core/Axios.js:45:41)\n    at process.processTicksAndRejections (node:internal/process/task_queues:95:5)\n    at async createHCPJobs (file:///Users/emmy/projects/bles/RockCreek/server/controllers/WorkOrderController.js:158:22)\n    at async file:///Users/emmy/projects/bles/RockCreek/server/controllers/WorkOrderController.js:63:32\n    at async Promise.all (index 0)\n    at async getWorkOrderAppfolio (file:///Users/emmy/projects/bles/RockCreek/server/controllers/WorkOrderController.js:34:29)","status":500}
{"level":"error","message":"Failed to get or create work orders: Cannot read properties of undefined (reading 'customer')","stack":"TypeError: Cannot read properties of undefined (reading 'customer')\n    at Invoice (file:///Users/emmy/projects/bles/RockCreek/server/pages/Invoice.js:71:17)\n    at file:///Users/emmy/projects/bles/RockCreek/server/controllers/WorkOrderController.js:65:47\n    at process.processTicksAndRejections (node:internal/process/task_queues:95:5)\n    at async Promise.all (index 0)\n    at async getWorkOrderAppfolio (file:///Users/emmy/projects/bles/RockCreek/server/controllers/WorkOrderController.js:34:29)"}
{"level":"error","message":{"error":"An error occurred while processing your request."}}
{"level":"info","message":"Info message"}
{"level":"error","message":"Error message"}
{"level":"info","message":">>>>>>> Skipping >>>>>>> Work order 25450 already exists in the database."}
{"code":"ERR_BAD_RESPONSE","config":{"adapter":["xhr","http"],"data":"{\"customer_id\":\"cus_cb7c719c44e34a05a8b38776f6151f20\",\"address_id\":\"adr_77d445de27da489aa2e04a841d02a56d\",\"line_items\":[{\"name\":\"22638-1 - test - Bles Software (Emmanuel)\",\"description\":\"test - Bles Software (Emmanuel)\",\"unit_price\":\"10.00\",\"quantity\":1,\"unit_cost\":\"10.00\"}],\"lead_source\":\"Appfolio\",\"notes\":\"test - Bles Software (Emmanuel)\"}","env":{},"headers":{"Accept":"application/json","Accept-Encoding":"gzip, compress, deflate, br","Authorization":"Token 4051cf1a40e94ed0858387b0f41818a1","Content-Length":"343","Content-Type":"application/json","User-Agent":"axios/1.6.8"},"maxBodyLength":-1,"maxContentLength":-1,"method":"post","timeout":0,"transformRequest":[null],"transformResponse":[null],"transitional":{"clarifyTimeoutError":false,"forcedJSONParsing":true,"silentJSONParsing":true},"url":"https://api.housecallpro.com/jobs","xsrfCookieName":"XSRF-TOKEN","xsrfHeaderName":"X-XSRF-TOKEN"},"message":"Request failed with status code 500","name":"AxiosError","stack":"AxiosError: Request failed with status code 500\n    at settle (file:///Users/emmy/projects/bles/RockCreek/server/node_modules/axios/lib/core/settle.js:19:12)\n    at IncomingMessage.handleStreamEnd (file:///Users/emmy/projects/bles/RockCreek/server/node_modules/axios/lib/adapters/http.js:589:11)\n    at IncomingMessage.emit (node:events:526:35)\n    at endReadableNT (node:internal/streams/readable:1589:12)\n    at process.processTicksAndRejections (node:internal/process/task_queues:82:21)\n    at Axios.request (file:///Users/emmy/projects/bles/RockCreek/server/node_modules/axios/lib/core/Axios.js:45:41)\n    at process.processTicksAndRejections (node:internal/process/task_queues:95:5)\n    at async createHCPJobs (file:///Users/emmy/projects/bles/RockCreek/server/controllers/WorkOrderController.js:158:22)\n    at async file:///Users/emmy/projects/bles/RockCreek/server/controllers/WorkOrderController.js:63:32\n    at async Promise.all (index 0)\n    at async getWorkOrderAppfolio (file:///Users/emmy/projects/bles/RockCreek/server/controllers/WorkOrderController.js:34:29)","status":500}
{"level":"error","message":"Failed to get or create work orders: Cannot read properties of undefined (reading 'customer')","stack":"TypeError: Cannot read properties of undefined (reading 'customer')\n    at Invoice (file:///Users/emmy/projects/bles/RockCreek/server/pages/Invoice.js:71:17)\n    at file:///Users/emmy/projects/bles/RockCreek/server/controllers/WorkOrderController.js:65:47\n    at process.processTicksAndRejections (node:internal/process/task_queues:95:5)\n    at async Promise.all (index 0)\n    at async getWorkOrderAppfolio (file:///Users/emmy/projects/bles/RockCreek/server/controllers/WorkOrderController.js:34:29)"}
{"level":"error","message":{"error":"An error occurred while processing your request."}}
{"level":"info","message":"Info message"}
{"level":"error","message":"Error message"}
{"level":"info","message":"Info message"}
{"level":"error","message":"Error message"}
{"level":"info","message":"Info message"}
{"level":"error","message":"Error message"}
{"level":"info","message":"Info message"}
{"level":"error","message":"Error message"}
{"level":"info","message":">>>>>>> Skipping >>>>>>> Work order 25450 already exists in the database."}
{"level":"info","message":">>>>>>> Skipping >>>>>>> Work order 25450 already exists in the database."}
{"level":"info","message":"Info message"}
{"level":"error","message":"Error message"}
{"level":"info","message":"Info message"}
{"level":"error","message":"Error message"}
{"level":"info","message":"Info message"}
{"level":"error","message":"Error message"}
{"level":"info","message":"Info message"}
{"level":"error","message":"Error message"}
{"level":"info","message":"Info message"}
{"level":"error","message":"Error message"}
{"level":"info","message":"Info message"}
{"level":"error","message":"Error message"}
{"level":"info","message":">>>>>>> Skipping >>>>>>> Work order 25450 already exists in the database."}
{"level":"info","message":"Info message"}
{"level":"error","message":"Error message"}
{"level":"info","message":"Info message"}
{"level":"error","message":"Error message"}
{"level":"info","message":"Info message"}
{"level":"error","message":"Error message"}
{"level":"info","message":"Info message"}
{"level":"error","message":"Error message"}
{"level":"info","message":"Info message"}
{"level":"error","message":"Error message"}
{"level":"info","message":"Info message"}
{"level":"error","message":"Error message"}
{"level":"info","message":"Info message"}
{"level":"error","message":"Error message"}
{"level":"info","message":"Info message"}
{"level":"error","message":"Error message"}
{"level":"info","message":"Info message"}
{"level":"error","message":"Error message"}
{"level":"info","message":"Info message"}
{"level":"error","message":"Error message"}
{"level":"info","message":"Info message"}
{"level":"error","message":"Error message"}
{"level":"info","message":"Info message"}
{"level":"error","message":"Error message"}
{"level":"info","message":"Info message"}
{"level":"error","message":"Error message"}
{"level":"info","message":"Info message"}
{"level":"error","message":"Error message"}
{"level":"info","message":"Info message"}
{"level":"error","message":"Error message"}
{"level":"info","message":"Info message"}
{"level":"error","message":"Error message"}
{"level":"info","message":"Info message"}
{"level":"error","message":"Error message"}
{"level":"info","message":"Info message"}
{"level":"error","message":"Error message"}
{"level":"info","message":"Info message"}
{"level":"error","message":"Error message"}
{"level":"info","message":"Info message"}
{"level":"error","message":"Error message"}
{"level":"info","message":"Info message"}
{"level":"error","message":"Error message"}
{"level":"info","message":"Info message"}
{"level":"error","message":"Error message"}
{"level":"info","message":"Info message"}
{"level":"error","message":"Error message"}
{"level":"info","message":"Info message"}
{"level":"error","message":"Error message"}
{"level":"info","message":"Info message"}
{"level":"error","message":"Error message"}
{"level":"info","message":"Info message"}
{"level":"error","message":"Error message"}
{"level":"info","message":"Info message"}
{"level":"error","message":"Error message"}
{"level":"info","message":"customer"}
{"level":"error","message":"Failed to get or create work orders: longford is not defined","stack":"ReferenceError: longford is not defined\n    at file:///Users/emmy/projects/bles/RockCreek/server/controllers/WorkOrderController.js:63:40\n    at process.processTicksAndRejections (node:internal/process/task_queues:95:5)\n    at async Promise.all (index 0)\n    at async getWorkOrderAppfolio (file:///Users/emmy/projects/bles/RockCreek/server/controllers/WorkOrderController.js:35:29)"}
{"level":"error","message":{"error":"An error occurred while processing your request."}}
{"level":"info","message":"Info message"}
{"level":"error","message":"Error message"}
{"level":"info","message":"customer"}
{"level":"error"}
{"level":"error","message":"Failed to get or create work orders: Cannot read properties of undefined (reading 'customer')","stack":"TypeError: Cannot read properties of undefined (reading 'customer')\n    at Invoice (file:///Users/emmy/projects/bles/RockCreek/server/pages/Invoice.js:71:17)\n    at file:///Users/emmy/projects/bles/RockCreek/server/controllers/WorkOrderController.js:76:47\n    at process.processTicksAndRejections (node:internal/process/task_queues:95:5)\n    at async Promise.all (index 0)\n    at async getWorkOrderAppfolio (file:///Users/emmy/projects/bles/RockCreek/server/controllers/WorkOrderController.js:35:29)"}
{"level":"error","message":{"error":"An error occurred while processing your request."}}
{"level":"info","message":"Info message"}
{"level":"error","message":"Error message"}
{"level":"info","message":"Info message"}
{"level":"error","message":"Error message"}
{"level":"info","message":"existing customer"}
{"level":"error"}
{"level":"error","message":"Failed to get or create work orders: Cannot read properties of undefined (reading 'customer')","stack":"TypeError: Cannot read properties of undefined (reading 'customer')\n    at Invoice (file:///Users/emmy/projects/bles/RockCreek/server/pages/Invoice.js:71:17)\n    at file:///Users/emmy/projects/bles/RockCreek/server/controllers/WorkOrderController.js:76:47\n    at process.processTicksAndRejections (node:internal/process/task_queues:95:5)\n    at async Promise.all (index 0)\n    at async getWorkOrderAppfolio (file:///Users/emmy/projects/bles/RockCreek/server/controllers/WorkOrderController.js:35:29)"}
{"level":"error","message":{"error":"An error occurred while processing your request."}}
{"level":"info","message":"Info message"}
{"level":"error","message":"Error message"}
{"level":"info","message":"existing customer"}
{"level":"info","message":"Info message"}
{"level":"error","message":"Error message"}
{"level":"info","message":"Info message"}
{"level":"error","message":"Error message"}
{"level":"info","message":">>>>>>>>>>>>>>>>>>>>>>Creating Customer >>>>>>>>>>>>>>>>"}
{"level":"error"}
{"level":"error"}
{"level":"error","message":"Failed to get or create work orders: Cannot read properties of undefined (reading 'customer')","stack":"TypeError: Cannot read properties of undefined (reading 'customer')\n    at Invoice (file:///Users/emmy/projects/bles/RockCreek/server/pages/Invoice.js:71:17)\n    at file:///Users/emmy/projects/bles/RockCreek/server/controllers/WorkOrderController.js:76:47\n    at process.processTicksAndRejections (node:internal/process/task_queues:95:5)\n    at async Promise.all (index 0)\n    at async getWorkOrderAppfolio (file:///Users/emmy/projects/bles/RockCreek/server/controllers/WorkOrderController.js:35:29)"}
{"level":"error","message":{"error":"An error occurred while processing your request."}}
{"level":"info","message":"Info message"}
{"level":"error","message":"Error message"}
{"level":"info","message":"Info message"}
{"level":"error","message":"Error message"}
{"level":"info","message":">>>>>>>>>>>>>>>>>>>>>>Creating Customer >>>>>>>>>>>>>>>>"}
{"code":"ERR_BAD_REQUEST","config":{"adapter":["xhr","http"],"data":"{\"first_name\":\"\",\"last_name\":\"\",\"email\":null,\"company\":\"Rock Creek Construction, LLC\",\"notifications_enabled\":true,\"mobile_number\":null,\"lead_source\":\"Appfolio\",\"addresses\":[{\"street\":\"622 - 624 Girard St NE\",\"street_line_2\":null,\"city\":\"Washington\",\"state\":\"DC\",\"zip\":\"20017\"}]}","env":{},"headers":{"Accept":"application/json","Accept-Encoding":"gzip, compress, deflate, br","Authorization":"Token 4051cf1a40e94ed0858387b0f41818a1","Content-Length":"279","Content-Type":"application/json","User-Agent":"axios/1.6.8"},"maxBodyLength":-1,"maxContentLength":-1,"method":"post","timeout":0,"transformRequest":[null],"transformResponse":[null],"transitional":{"clarifyTimeoutError":false,"forcedJSONParsing":true,"silentJSONParsing":true},"url":"https://api.housecallpro.com/customers","xsrfCookieName":"XSRF-TOKEN","xsrfHeaderName":"X-XSRF-TOKEN"},"message":"Request failed with status code 400","name":"AxiosError","stack":"AxiosError: Request failed with status code 400\n    at settle (file:///Users/emmy/projects/bles/RockCreek/server/node_modules/axios/lib/core/settle.js:19:12)\n    at IncomingMessage.handleStreamEnd (file:///Users/emmy/projects/bles/RockCreek/server/node_modules/axios/lib/adapters/http.js:589:11)\n    at IncomingMessage.emit (node:events:526:35)\n    at endReadableNT (node:internal/streams/readable:1589:12)\n    at process.processTicksAndRejections (node:internal/process/task_queues:82:21)\n    at Axios.request (file:///Users/emmy/projects/bles/RockCreek/server/node_modules/axios/lib/core/Axios.js:45:41)\n    at process.processTicksAndRejections (node:internal/process/task_queues:95:5)\n    at async createCustomer (file:///Users/emmy/projects/bles/RockCreek/server/controllers/WorkOrderController.js:256:38)\n    at async file:///Users/emmy/projects/bles/RockCreek/server/controllers/WorkOrderController.js:51:41\n    at async Promise.all (index 0)\n    at async getWorkOrderAppfolio (file:///Users/emmy/projects/bles/RockCreek/server/controllers/WorkOrderController.js:35:29)","status":400}
{"level":"error"}
{"level":"error","message":"Failed to get or create work orders: Cannot read properties of undefined (reading 'customer')","stack":"TypeError: Cannot read properties of undefined (reading 'customer')\n    at Invoice (file:///Users/emmy/projects/bles/RockCreek/server/pages/Invoice.js:71:17)\n    at file:///Users/emmy/projects/bles/RockCreek/server/controllers/WorkOrderController.js:76:47\n    at process.processTicksAndRejections (node:internal/process/task_queues:95:5)\n    at async Promise.all (index 0)\n    at async getWorkOrderAppfolio (file:///Users/emmy/projects/bles/RockCreek/server/controllers/WorkOrderController.js:35:29)"}
{"level":"error","message":{"error":"An error occurred while processing your request."}}
{"level":"info","message":"Info message"}
{"level":"error","message":"Error message"}
{"level":"info","message":">>>>>>>>>>>>>>>>>>>>>>Creating Customer >>>>>>>>>>>>>>>>"}
{"code":"ERR_BAD_REQUEST","config":{"adapter":["xhr","http"],"data":"{\"first_name\":\"Consumer\",\"last_name\":\"Technology\",\"email\":\"KKelly@cta.tech\",\"company\":\"Rock Creek Construction, LLC\",\"notifications_enabled\":true,\"mobile_number\":\"Phone: (703) 447-5642\",\"lead_source\":\"Appfolio\",\"addresses\":[{\"street\":\"21-23 D St SE\",\"street_line_2\":null,\"city\":\"Washington\",\"state\":\"DC\",\"zip\":\"20003\"}]}","env":{},"headers":{"Accept":"application/json","Accept-Encoding":"gzip, compress, deflate, br","Authorization":"Token 4051cf1a40e94ed0858387b0f41818a1","Content-Length":"320","Content-Type":"application/json","User-Agent":"axios/1.6.8"},"maxBodyLength":-1,"maxContentLength":-1,"method":"post","timeout":0,"transformRequest":[null],"transformResponse":[null],"transitional":{"clarifyTimeoutError":false,"forcedJSONParsing":true,"silentJSONParsing":true},"url":"https://api.housecallpro.com/customers","xsrfCookieName":"XSRF-TOKEN","xsrfHeaderName":"X-XSRF-TOKEN"},"message":"Request failed with status code 400","name":"AxiosError","stack":"AxiosError: Request failed with status code 400\n    at settle (file:///Users/emmy/projects/bles/RockCreek/server/node_modules/axios/lib/core/settle.js:19:12)\n    at IncomingMessage.handleStreamEnd (file:///Users/emmy/projects/bles/RockCreek/server/node_modules/axios/lib/adapters/http.js:589:11)\n    at IncomingMessage.emit (node:events:526:35)\n    at endReadableNT (node:internal/streams/readable:1589:12)\n    at process.processTicksAndRejections (node:internal/process/task_queues:82:21)\n    at Axios.request (file:///Users/emmy/projects/bles/RockCreek/server/node_modules/axios/lib/core/Axios.js:45:41)\n    at process.processTicksAndRejections (node:internal/process/task_queues:95:5)\n    at async createCustomer (file:///Users/emmy/projects/bles/RockCreek/server/controllers/WorkOrderController.js:256:38)\n    at async file:///Users/emmy/projects/bles/RockCreek/server/controllers/WorkOrderController.js:51:41\n    at async Promise.all (index 0)\n    at async getWorkOrderAppfolio (file:///Users/emmy/projects/bles/RockCreek/server/controllers/WorkOrderController.js:35:29)","status":400}
{"level":"error"}
{"level":"error","message":"Failed to get or create work orders: Cannot read properties of undefined (reading 'customer')","stack":"TypeError: Cannot read properties of undefined (reading 'customer')\n    at Invoice (file:///Users/emmy/projects/bles/RockCreek/server/pages/Invoice.js:71:17)\n    at file:///Users/emmy/projects/bles/RockCreek/server/controllers/WorkOrderController.js:76:47\n    at process.processTicksAndRejections (node:internal/process/task_queues:95:5)\n    at async Promise.all (index 0)\n    at async getWorkOrderAppfolio (file:///Users/emmy/projects/bles/RockCreek/server/controllers/WorkOrderController.js:35:29)"}
{"level":"error","message":{"error":"An error occurred while processing your request."}}
{"level":"info","message":"Info message"}
{"level":"error","message":"Error message"}
{"level":"info","message":"Info message"}
{"level":"error","message":"Error message"}
{"level":"info","message":">>>>>>>>>>>>>>>>>>>>>>Creating Customer >>>>>>>>>>>>>>>>"}
{"level":"info","message":"created customer"}
{"code":"ERR_BAD_REQUEST","config":{"adapter":["xhr","http"],"data":"{\"customer_id\":\"cus_cb7c719c44e34a05a8b38776f6151f20\",\"address_id\":\"adr_f0c39955f61743478976576fc16c9c83\",\"line_items\":[{\"name\":\"22035-1 - Would like to hire an electrician to do the following:\\r\\n1. Install a dimmer for the track lights installed on the third floor - lighting is too bright \\r\\n2. Install power under the conference room table for the ports in the table to work\\r\\n\\r\\nPlease avoid late afternoon as we have evening events. \\r\\n\",\"description\":\"Would like to hire an electrician to do the following:\\r\\n1. Install a dimmer for the track lights installed on the third floor - lighting is too bright \\r\\n2. Install power under the conference room table for the ports in the table to work\\r\\n\\r\\nPlease avoid late afternoon as we have evening events. \\r\\n\",\"unit_price\":0,\"quantity\":1,\"unit_cost\":0}],\"lead_source\":\"Appfolio\",\"notes\":\"\"}","env":{},"headers":{"Accept":"application/json","Accept-Encoding":"gzip, compress, deflate, br","Authorization":"Token 4051cf1a40e94ed0858387b0f41818a1","Content-Length":"852","Content-Type":"application/json","User-Agent":"axios/1.6.8"},"maxBodyLength":-1,"maxContentLength":-1,"method":"post","timeout":0,"transformRequest":[null],"transformResponse":[null],"transitional":{"clarifyTimeoutError":false,"forcedJSONParsing":true,"silentJSONParsing":true},"url":"https://api.housecallpro.com/jobs","xsrfCookieName":"XSRF-TOKEN","xsrfHeaderName":"X-XSRF-TOKEN"},"message":"Request failed with status code 400","name":"AxiosError","stack":"AxiosError: Request failed with status code 400\n    at settle (file:///Users/emmy/projects/bles/RockCreek/server/node_modules/axios/lib/core/settle.js:19:12)\n    at IncomingMessage.handleStreamEnd (file:///Users/emmy/projects/bles/RockCreek/server/node_modules/axios/lib/adapters/http.js:589:11)\n    at IncomingMessage.emit (node:events:526:35)\n    at endReadableNT (node:internal/streams/readable:1589:12)\n    at process.processTicksAndRejections (node:internal/process/task_queues:82:21)\n    at Axios.request (file:///Users/emmy/projects/bles/RockCreek/server/node_modules/axios/lib/core/Axios.js:45:41)\n    at process.processTicksAndRejections (node:internal/process/task_queues:95:5)\n    at async createHCPJobs (file:///Users/emmy/projects/bles/RockCreek/server/controllers/WorkOrderController.js:181:22)\n    at async file:///Users/emmy/projects/bles/RockCreek/server/controllers/WorkOrderController.js:68:32\n    at async Promise.all (index 0)\n    at async getWorkOrderAppfolio (file:///Users/emmy/projects/bles/RockCreek/server/controllers/WorkOrderController.js:35:29)","status":400}
{"level":"error","message":"Failed to get or create work orders: Cannot read properties of undefined (reading 'customer')","stack":"TypeError: Cannot read properties of undefined (reading 'customer')\n    at Invoice (file:///Users/emmy/projects/bles/RockCreek/server/pages/Invoice.js:71:17)\n    at file:///Users/emmy/projects/bles/RockCreek/server/controllers/WorkOrderController.js:74:47\n    at process.processTicksAndRejections (node:internal/process/task_queues:95:5)\n    at async Promise.all (index 0)\n    at async getWorkOrderAppfolio (file:///Users/emmy/projects/bles/RockCreek/server/controllers/WorkOrderController.js:35:29)"}
{"level":"error","message":{"error":"An error occurred while processing your request."}}
{"level":"info","message":"Info message"}
{"level":"error","message":"Error message"}
{"level":"info","message":"existing customer"}
{"level":"info","message":"existing customer"}
{"level":"info","message":"Info message"}
{"level":"error","message":"Error message"}
