{"level":"error","message":"Error message"}
{"level":"error","message":"Error message"}
{"level":"error","message":"Error message"}
{"level":"error","message":"Error message"}
{"level":"error","message":"Error message"}
{"level":"error","message":"Error message"}
{"level":"error","message":"Failed to get or create work orders: Cannot read properties of undefined (reading 'status')","stack":"TypeError: Cannot read properties of undefined (reading 'status')\n    at getWorkOrderAppfolio (file:///Users/emmy/projects/bles/RockCreek/server/controllers/WorkOrderController.js:80:9)\n    at process.processTicksAndRejections (node:internal/process/task_queues:95:5)"}
{"level":"error","message":{"error":"An error occurred while processing your request."}}
{"level":"error","message":"Error message"}
{"level":"error","message":"Failed to get or create work orders: Cannot read properties of undefined (reading 'status')","stack":"TypeError: Cannot read properties of undefined (reading 'status')\n    at getWorkOrderAppfolio (file:///Users/emmy/projects/bles/RockCreek/server/controllers/WorkOrderController.js:80:9)\n    at process.processTicksAndRejections (node:internal/process/task_queues:95:5)"}
{"level":"error","message":{"error":"An error occurred while processing your request."}}
{"level":"error","message":"Error message"}
{"level":"error","message":"Failed to get or create work orders: Cannot read properties of undefined (reading 'status')","stack":"TypeError: Cannot read properties of undefined (reading 'status')\n    at getWorkOrderAppfolio (file:///Users/emmy/projects/bles/RockCreek/server/controllers/WorkOrderController.js:85:9)\n    at process.processTicksAndRejections (node:internal/process/task_queues:95:5)"}
{"level":"error","message":{"error":"An error occurred while processing your request."}}
{"level":"error","message":"Error message"}
{"level":"error","message":"Failed to get or create work orders: Cannot read properties of undefined (reading 'status')","stack":"TypeError: Cannot read properties of undefined (reading 'status')\n    at getWorkOrderAppfolio (file:///Users/emmy/projects/bles/RockCreek/server/controllers/WorkOrderController.js:85:9)\n    at process.processTicksAndRejections (node:internal/process/task_queues:95:5)"}
{"level":"error","message":{"error":"An error occurred while processing your request."}}
{"level":"error","message":"Error message"}
{"level":"error","message":"Failed to get or create work orders: Cannot read properties of undefined (reading 'status')","stack":"TypeError: Cannot read properties of undefined (reading 'status')\n    at getWorkOrderAppfolio (file:///Users/emmy/projects/bles/RockCreek/server/controllers/WorkOrderController.js:89:9)\n    at process.processTicksAndRejections (node:internal/process/task_queues:95:5)"}
{"level":"error","message":{"error":"An error occurred while processing your request."}}
{"level":"error","message":"Error message"}
{"level":"error","message":"Failed to get or create work orders: Cannot read properties of undefined (reading 'status')","stack":"TypeError: Cannot read properties of undefined (reading 'status')\n    at getWorkOrderAppfolio (file:///Users/emmy/projects/bles/RockCreek/server/controllers/WorkOrderController.js:91:9)\n    at process.processTicksAndRejections (node:internal/process/task_queues:95:5)"}
{"level":"error","message":{"error":"An error occurred while processing your request."}}
{"level":"error","message":"Error message"}
{"level":"error","message":"Failed to get or create work orders: Cannot read properties of undefined (reading 'status')","stack":"TypeError: Cannot read properties of undefined (reading 'status')\n    at getWorkOrderAppfolio (file:///Users/emmy/projects/bles/RockCreek/server/controllers/WorkOrderController.js:86:9)\n    at process.processTicksAndRejections (node:internal/process/task_queues:95:5)"}
{"level":"error","message":{"error":"An error occurred while processing your request."}}
{"level":"error","message":"Error message"}
{"level":"error","message":"Failed to get or create work orders: Cannot read properties of undefined (reading 'status')","stack":"TypeError: Cannot read properties of undefined (reading 'status')\n    at getWorkOrderAppfolio (file:///Users/emmy/projects/bles/RockCreek/server/controllers/WorkOrderController.js:86:9)\n    at process.processTicksAndRejections (node:internal/process/task_queues:95:5)"}
{"level":"error","message":{"error":"An error occurred while processing your request."}}
{"level":"error","message":"Failed to get or create work orders: createdClient.find is not a function","stack":"TypeError: createdClient.find is not a function\n    at file:///Users/emmy/projects/bles/RockCreek/server/controllers/WorkOrderController.js:49:44\n    at process.processTicksAndRejections (node:internal/process/task_queues:95:5)\n    at async Promise.all (index 1)\n    at async getWorkOrderAppfolio (file:///Users/emmy/projects/bles/RockCreek/server/controllers/WorkOrderController.js:33:29)"}
{"level":"error","message":{"error":"An error occurred while processing your request."}}
{"level":"error","message":"Error message"}
{"level":"error","message":"Failed to get or create work orders: Cannot read properties of undefined (reading 'status')","stack":"TypeError: Cannot read properties of undefined (reading 'status')\n    at getWorkOrderAppfolio (file:///Users/emmy/projects/bles/RockCreek/server/controllers/WorkOrderController.js:86:9)\n    at process.processTicksAndRejections (node:internal/process/task_queues:95:5)"}
{"level":"error","message":{"error":"An error occurred while processing your request."}}
{"level":"error","message":"Error message"}
{"level":"error","message":"Failed to get or create work orders: Cannot read properties of undefined (reading 'status')","stack":"TypeError: Cannot read properties of undefined (reading 'status')\n    at getWorkOrderAppfolio (file:///Users/emmy/projects/bles/RockCreek/server/controllers/WorkOrderController.js:86:9)\n    at process.processTicksAndRejections (node:internal/process/task_queues:95:5)"}
{"level":"error","message":{"error":"An error occurred while processing your request."}}
{"level":"error"}
{"level":"error","message":"Failed to get or create work orders: Cannot read properties of undefined (reading 'invoice_number')","stack":"TypeError: Cannot read properties of undefined (reading 'invoice_number')\n    at file:///Users/emmy/projects/bles/RockCreek/server/controllers/WorkOrderController.js:58:37\n    at process.processTicksAndRejections (node:internal/process/task_queues:95:5)\n    at async Promise.all (index 1)\n    at async getWorkOrderAppfolio (file:///Users/emmy/projects/bles/RockCreek/server/controllers/WorkOrderController.js:33:29)"}
{"level":"error","message":{"error":"An error occurred while processing your request."}}
{"level":"error"}
{"level":"error","message":"Error message"}
{"level":"error"}
{"level":"error","message":"Failed to get or create work orders: Cannot read properties of undefined (reading 'invoice_number')","stack":"TypeError: Cannot read properties of undefined (reading 'invoice_number')\n    at file:///Users/emmy/projects/bles/RockCreek/server/controllers/WorkOrderController.js:58:37\n    at process.processTicksAndRejections (node:internal/process/task_queues:95:5)\n    at async Promise.all (index 0)\n    at async getWorkOrderAppfolio (file:///Users/emmy/projects/bles/RockCreek/server/controllers/WorkOrderController.js:33:29)"}
{"level":"error","message":{"error":"An error occurred while processing your request."}}
{"level":"error"}
{"level":"error"}
{"level":"error","message":"Failed to get or create work orders: Cannot read properties of undefined (reading 'invoice_number')","stack":"TypeError: Cannot read properties of undefined (reading 'invoice_number')\n    at file:///Users/emmy/projects/bles/RockCreek/server/controllers/WorkOrderController.js:58:37\n    at process.processTicksAndRejections (node:internal/process/task_queues:95:5)\n    at async Promise.all (index 1)\n    at async getWorkOrderAppfolio (file:///Users/emmy/projects/bles/RockCreek/server/controllers/WorkOrderController.js:33:29)"}
{"level":"error","message":{"error":"An error occurred while processing your request."}}
{"level":"error"}
{"level":"error","message":"Error message"}
{"level":"error","message":"Error message"}
{"level":"error","message":"Failed to get or create work orders: Cannot read properties of undefined (reading 'status')","stack":"TypeError: Cannot read properties of undefined (reading 'status')\n    at getWorkOrderAppfolio (file:///Users/emmy/projects/bles/RockCreek/server/controllers/WorkOrderController.js:86:9)\n    at process.processTicksAndRejections (node:internal/process/task_queues:95:5)"}
{"level":"error","message":{"error":"An error occurred while processing your request."}}
{"level":"error"}
{"level":"error","message":"Failed to get or create work orders: Cannot read properties of undefined (reading 'invoice_number')","stack":"TypeError: Cannot read properties of undefined (reading 'invoice_number')\n    at file:///Users/emmy/projects/bles/RockCreek/server/controllers/WorkOrderController.js:58:37\n    at process.processTicksAndRejections (node:internal/process/task_queues:95:5)\n    at async Promise.all (index 0)\n    at async getWorkOrderAppfolio (file:///Users/emmy/projects/bles/RockCreek/server/controllers/WorkOrderController.js:33:29)"}
{"level":"error","message":{"error":"An error occurred while processing your request."}}
{"level":"error"}
{"level":"error","message":"Error message"}
{"level":"error"}
{"level":"error","message":"Failed to get or create work orders: Cannot read properties of undefined (reading 'json')","stack":"TypeError: Cannot read properties of undefined (reading 'json')\n    at file:///Users/emmy/projects/bles/RockCreek/server/controllers/WorkOrderController.js:57:24\n    at process.processTicksAndRejections (node:internal/process/task_queues:95:5)\n    at async Promise.all (index 0)\n    at async getWorkOrderAppfolio (file:///Users/emmy/projects/bles/RockCreek/server/controllers/WorkOrderController.js:33:29)"}
{"level":"error","message":{"error":"An error occurred while processing your request."}}
{"level":"error"}
{"level":"error","message":"Error message"}
{"level":"error","message":"Error message"}
{"level":"error","message":"Failed to get or create work orders: Cannot read properties of undefined (reading 'json')","stack":"TypeError: Cannot read properties of undefined (reading 'json')\n    at file:///Users/emmy/projects/bles/RockCreek/server/controllers/WorkOrderController.js:55:23\n    at process.processTicksAndRejections (node:internal/process/task_queues:95:5)\n    at async Promise.all (index 1)\n    at async getWorkOrderAppfolio (file:///Users/emmy/projects/bles/RockCreek/server/controllers/WorkOrderController.js:33:29)"}
{"level":"error","message":{"error":"An error occurred while processing your request."}}
{"level":"error","message":"Failed to get or create work orders: Converting circular structure to JSON\n    --> starting at object with constructor 'ServerResponse'\n    |     property 'socket' -> object with constructor 'Socket'\n    --- property '_httpMessage' closes the circle","stack":"TypeError: Converting circular structure to JSON\n    --> starting at object with constructor 'ServerResponse'\n    |     property 'socket' -> object with constructor 'Socket'\n    --- property '_httpMessage' closes the circle\n    at JSON.stringify (<anonymous>)\n    at stringify (/Users/emmy/projects/bles/RockCreek/server/node_modules/express/lib/response.js:1159:12)\n    at ServerResponse.json (/Users/emmy/projects/bles/RockCreek/server/node_modules/express/lib/response.js:272:14)\n    at getWorkOrderAppfolio (file:///Users/emmy/projects/bles/RockCreek/server/controllers/WorkOrderController.js:88:21)\n    at process.processTicksAndRejections (node:internal/process/task_queues:95:5)"}
{"level":"error","message":{"error":"An error occurred while processing your request."}}
{"level":"error","message":"Failed to get or create work orders: Converting circular structure to JSON\n    --> starting at object with constructor 'Socket'\n    |     property 'parser' -> object with constructor 'HTTPParser'\n    --- property 'socket' closes the circle","stack":"TypeError: Converting circular structure to JSON\n    --> starting at object with constructor 'Socket'\n    |     property 'parser' -> object with constructor 'HTTPParser'\n    --- property 'socket' closes the circle\n    at JSON.stringify (<anonymous>)\n    at stringify (/Users/emmy/projects/bles/RockCreek/server/node_modules/express/lib/response.js:1159:12)\n    at ServerResponse.json (/Users/emmy/projects/bles/RockCreek/server/node_modules/express/lib/response.js:272:14)\n    at getWorkOrderAppfolio (file:///Users/emmy/projects/bles/RockCreek/server/controllers/WorkOrderController.js:88:21)\n    at process.processTicksAndRejections (node:internal/process/task_queues:95:5)"}
{"level":"error","message":{"error":"An error occurred while processing your request."}}
{"level":"error","message":"Error message"}
{"level":"error","message":"Error message"}
{"level":"error","message":"Failed to get or create work orders: Cannot read properties of undefined (reading 'status')","stack":"TypeError: Cannot read properties of undefined (reading 'status')\n    at getWorkOrderAppfolio (file:///Users/emmy/projects/bles/RockCreek/server/controllers/WorkOrderController.js:90:9)\n    at process.processTicksAndRejections (node:internal/process/task_queues:95:5)"}
{"level":"error","message":{"error":"An error occurred while processing your request."}}
{"level":"error","message":"Failed to get or create work orders: \"undefined\" is not valid JSON","stack":"SyntaxError: \"undefined\" is not valid JSON\n    at JSON.parse (<anonymous>)\n    at removeCircularReferences (file:///Users/emmy/projects/bles/RockCreek/server/controllers/WorkOrderController.js:276:15)\n    at file:///Users/emmy/projects/bles/RockCreek/server/controllers/WorkOrderController.js:55:36\n    at process.processTicksAndRejections (node:internal/process/task_queues:95:5)\n    at async Promise.all (index 1)\n    at async getWorkOrderAppfolio (file:///Users/emmy/projects/bles/RockCreek/server/controllers/WorkOrderController.js:33:29)"}
{"level":"error","message":{"error":"An error occurred while processing your request."}}
{"level":"error","message":"Error message"}
{"level":"error","message":"Failed to get or create work orders: Cannot read properties of undefined (reading 'status')","stack":"TypeError: Cannot read properties of undefined (reading 'status')\n    at getWorkOrderAppfolio (file:///Users/emmy/projects/bles/RockCreek/server/controllers/WorkOrderController.js:90:9)\n    at process.processTicksAndRejections (node:internal/process/task_queues:95:5)"}
{"level":"error","message":{"error":"An error occurred while processing your request."}}
{"level":"error","message":"Failed to get or create work orders: \"undefined\" is not valid JSON","stack":"SyntaxError: \"undefined\" is not valid JSON\n    at JSON.parse (<anonymous>)\n    at removeCircularReferences (file:///Users/emmy/projects/bles/RockCreek/server/controllers/WorkOrderController.js:276:15)\n    at file:///Users/emmy/projects/bles/RockCreek/server/controllers/WorkOrderController.js:55:36\n    at process.processTicksAndRejections (node:internal/process/task_queues:95:5)\n    at async Promise.all (index 0)\n    at async getWorkOrderAppfolio (file:///Users/emmy/projects/bles/RockCreek/server/controllers/WorkOrderController.js:33:29)"}
{"level":"error","message":{"error":"An error occurred while processing your request."}}
{"level":"error","message":"Error message"}
{"level":"error","message":"Failed to get or create work orders: \"undefined\" is not valid JSON","stack":"SyntaxError: \"undefined\" is not valid JSON\n    at JSON.parse (<anonymous>)\n    at removeCircularReferences (file:///Users/emmy/projects/bles/RockCreek/server/controllers/WorkOrderController.js:276:15)\n    at file:///Users/emmy/projects/bles/RockCreek/server/controllers/WorkOrderController.js:55:36\n    at process.processTicksAndRejections (node:internal/process/task_queues:95:5)\n    at async Promise.all (index 0)\n    at async getWorkOrderAppfolio (file:///Users/emmy/projects/bles/RockCreek/server/controllers/WorkOrderController.js:33:29)"}
{"level":"error","message":{"error":"An error occurred while processing your request."}}
{"level":"error","message":"Error message"}
{"level":"error","message":"Failed to get or create work orders: Cannot read properties of undefined (reading 'status')","stack":"TypeError: Cannot read properties of undefined (reading 'status')\n    at getWorkOrderAppfolio (file:///Users/emmy/projects/bles/RockCreek/server/controllers/WorkOrderController.js:90:9)\n    at process.processTicksAndRejections (node:internal/process/task_queues:95:5)"}
{"level":"error","message":{"error":"An error occurred while processing your request."}}
{"level":"error","message":"Failed to get or create work orders: \"undefined\" is not valid JSON","stack":"SyntaxError: \"undefined\" is not valid JSON\n    at JSON.parse (<anonymous>)\n    at removeCircularReferences (file:///Users/emmy/projects/bles/RockCreek/server/controllers/WorkOrderController.js:276:15)\n    at file:///Users/emmy/projects/bles/RockCreek/server/controllers/WorkOrderController.js:55:36\n    at process.processTicksAndRejections (node:internal/process/task_queues:95:5)\n    at async Promise.all (index 0)\n    at async getWorkOrderAppfolio (file:///Users/emmy/projects/bles/RockCreek/server/controllers/WorkOrderController.js:33:29)"}
{"level":"error","message":{"error":"An error occurred while processing your request."}}
{"level":"error","message":"Error message"}
{"level":"error","message":"Failed to get or create work orders: \"undefined\" is not valid JSON","stack":"SyntaxError: \"undefined\" is not valid JSON\n    at JSON.parse (<anonymous>)\n    at removeCircularReferences (file:///Users/emmy/projects/bles/RockCreek/server/controllers/WorkOrderController.js:276:15)\n    at file:///Users/emmy/projects/bles/RockCreek/server/controllers/WorkOrderController.js:55:36\n    at process.processTicksAndRejections (node:internal/process/task_queues:95:5)\n    at async Promise.all (index 0)\n    at async getWorkOrderAppfolio (file:///Users/emmy/projects/bles/RockCreek/server/controllers/WorkOrderController.js:33:29)"}
{"level":"error","message":{"error":"An error occurred while processing your request."}}
{"level":"error","message":"Failed to get or create work orders: \"undefined\" is not valid JSON","stack":"SyntaxError: \"undefined\" is not valid JSON\n    at JSON.parse (<anonymous>)\n    at removeCircularReferences (file:///Users/emmy/projects/bles/RockCreek/server/controllers/WorkOrderController.js:276:15)\n    at file:///Users/emmy/projects/bles/RockCreek/server/controllers/WorkOrderController.js:55:36\n    at process.processTicksAndRejections (node:internal/process/task_queues:95:5)\n    at async Promise.all (index 0)\n    at async getWorkOrderAppfolio (file:///Users/emmy/projects/bles/RockCreek/server/controllers/WorkOrderController.js:33:29)"}
{"level":"error","message":{"error":"An error occurred while processing your request."}}
{"level":"error","message":"Error message"}
{"level":"error","message":"Failed to get or create work orders: Cannot read properties of undefined (reading 'status')","stack":"TypeError: Cannot read properties of undefined (reading 'status')\n    at getWorkOrderAppfolio (file:///Users/emmy/projects/bles/RockCreek/server/controllers/WorkOrderController.js:90:9)\n    at process.processTicksAndRejections (node:internal/process/task_queues:95:5)"}
{"level":"error","message":{"error":"An error occurred while processing your request."}}
{"level":"error","message":"Error message"}
{"level":"error","message":"Failed to get or create work orders: Cannot read properties of undefined (reading 'status')","stack":"TypeError: Cannot read properties of undefined (reading 'status')\n    at getWorkOrderAppfolio (file:///Users/emmy/projects/bles/RockCreek/server/controllers/WorkOrderController.js:92:9)\n    at process.processTicksAndRejections (node:internal/process/task_queues:95:5)"}
{"level":"error","message":{"error":"An error occurred while processing your request."}}
{"code":"ERR_HTTP_HEADERS_SENT","level":"error","message":"Failed to get or create work orders: Cannot set headers after they are sent to the client","stack":"Error [ERR_HTTP_HEADERS_SENT]: Cannot set headers after they are sent to the client\n    at ServerResponse.setHeader (node:_http_outgoing:652:11)\n    at ServerResponse.header (/Users/emmy/projects/bles/RockCreek/server/node_modules/express/lib/response.js:795:10)\n    at ServerResponse.send (/Users/emmy/projects/bles/RockCreek/server/node_modules/express/lib/response.js:175:12)\n    at ServerResponse.json (/Users/emmy/projects/bles/RockCreek/server/node_modules/express/lib/response.js:279:15)\n    at file:///Users/emmy/projects/bles/RockCreek/server/controllers/WorkOrderController.js:49:29\n    at process.processTicksAndRejections (node:internal/process/task_queues:95:5)\n    at async Promise.all (index 1)\n    at async getWorkOrderAppfolio (file:///Users/emmy/projects/bles/RockCreek/server/controllers/WorkOrderController.js:33:29)"}
{"level":"error","message":{"error":"An error occurred while processing your request."}}
{"level":"error","message":"Error message"}
{"level":"error","message":"Error message"}
{"level":"error","message":"Failed to get or create work orders: Cannot read properties of undefined (reading 'status')","stack":"TypeError: Cannot read properties of undefined (reading 'status')\n    at getWorkOrderAppfolio (file:///Users/emmy/projects/bles/RockCreek/server/controllers/WorkOrderController.js:92:9)\n    at process.processTicksAndRejections (node:internal/process/task_queues:95:5)"}
{"level":"error","message":{"error":"An error occurred while processing your request."}}
{"level":"error","message":"Failed to get or create work orders: getClient is not defined","stack":"ReferenceError: getClient is not defined\n    at file:///Users/emmy/projects/bles/RockCreek/server/controllers/WorkOrderController.js:49:34\n    at process.processTicksAndRejections (node:internal/process/task_queues:95:5)\n    at async Promise.all (index 0)\n    at async getWorkOrderAppfolio (file:///Users/emmy/projects/bles/RockCreek/server/controllers/WorkOrderController.js:33:29)"}
{"level":"error","message":{"error":"An error occurred while processing your request."}}
{"level":"error","message":"Error message"}
{"level":"error","message":"Failed to get or create work orders: Cannot read properties of undefined (reading 'status')","stack":"TypeError: Cannot read properties of undefined (reading 'status')\n    at file:///Users/emmy/projects/bles/RockCreek/server/controllers/WorkOrderController.js:49:17\n    at process.processTicksAndRejections (node:internal/process/task_queues:95:5)\n    at async Promise.all (index 0)\n    at async getWorkOrderAppfolio (file:///Users/emmy/projects/bles/RockCreek/server/controllers/WorkOrderController.js:33:29)"}
{"level":"error","message":{"error":"An error occurred while processing your request."}}
{"code":"ERR_HTTP_HEADERS_SENT","level":"error","message":"Failed to get or create work orders: Cannot set headers after they are sent to the client","stack":"Error [ERR_HTTP_HEADERS_SENT]: Cannot set headers after they are sent to the client\n    at ServerResponse.setHeader (node:_http_outgoing:652:11)\n    at ServerResponse.header (/Users/emmy/projects/bles/RockCreek/server/node_modules/express/lib/response.js:795:10)\n    at ServerResponse.send (/Users/emmy/projects/bles/RockCreek/server/node_modules/express/lib/response.js:175:12)\n    at ServerResponse.json (/Users/emmy/projects/bles/RockCreek/server/node_modules/express/lib/response.js:279:15)\n    at file:///Users/emmy/projects/bles/RockCreek/server/controllers/WorkOrderController.js:49:29\n    at process.processTicksAndRejections (node:internal/process/task_queues:95:5)\n    at async Promise.all (index 1)\n    at async getWorkOrderAppfolio (file:///Users/emmy/projects/bles/RockCreek/server/controllers/WorkOrderController.js:33:29)"}
{"level":"error","message":{"error":"An error occurred while processing your request."}}
{"level":"error","message":"Error message"}
{"level":"error","message":"Failed to get or create work orders: Cannot read properties of undefined (reading 'status')","stack":"TypeError: Cannot read properties of undefined (reading 'status')\n    at file:///Users/emmy/projects/bles/RockCreek/server/controllers/WorkOrderController.js:57:16\n    at process.processTicksAndRejections (node:internal/process/task_queues:95:5)\n    at async Promise.all (index 0)\n    at async getWorkOrderAppfolio (file:///Users/emmy/projects/bles/RockCreek/server/controllers/WorkOrderController.js:33:29)"}
{"level":"error","message":{"error":"An error occurred while processing your request."}}
{"code":"ERR_HTTP_HEADERS_SENT","level":"error","message":"Failed to get or create work orders: Cannot set headers after they are sent to the client","stack":"Error [ERR_HTTP_HEADERS_SENT]: Cannot set headers after they are sent to the client\n    at ServerResponse.setHeader (node:_http_outgoing:652:11)\n    at ServerResponse.header (/Users/emmy/projects/bles/RockCreek/server/node_modules/express/lib/response.js:795:10)\n    at ServerResponse.send (/Users/emmy/projects/bles/RockCreek/server/node_modules/express/lib/response.js:175:12)\n    at ServerResponse.json (/Users/emmy/projects/bles/RockCreek/server/node_modules/express/lib/response.js:279:15)\n    at getWorkOrderAppfolio (file:///Users/emmy/projects/bles/RockCreek/server/controllers/WorkOrderController.js:94:21)\n    at process.processTicksAndRejections (node:internal/process/task_queues:95:5)"}
{"level":"error","message":{"error":"An error occurred while processing your request."}}
{"level":"error","message":"Error message"}
{"level":"error","message":"Failed to get or create work orders: Cannot read properties of undefined (reading 'status')","stack":"TypeError: Cannot read properties of undefined (reading 'status')\n    at file:///Users/emmy/projects/bles/RockCreek/server/controllers/WorkOrderController.js:57:16\n    at process.processTicksAndRejections (node:internal/process/task_queues:95:5)\n    at async Promise.all (index 0)\n    at async getWorkOrderAppfolio (file:///Users/emmy/projects/bles/RockCreek/server/controllers/WorkOrderController.js:33:29)"}
{"level":"error","message":{"error":"An error occurred while processing your request."}}
{"code":"ERR_HTTP_HEADERS_SENT","level":"error","message":"Failed to get or create work orders: Cannot set headers after they are sent to the client","stack":"Error [ERR_HTTP_HEADERS_SENT]: Cannot set headers after they are sent to the client\n    at ServerResponse.setHeader (node:_http_outgoing:652:11)\n    at ServerResponse.header (/Users/emmy/projects/bles/RockCreek/server/node_modules/express/lib/response.js:795:10)\n    at ServerResponse.send (/Users/emmy/projects/bles/RockCreek/server/node_modules/express/lib/response.js:175:12)\n    at ServerResponse.json (/Users/emmy/projects/bles/RockCreek/server/node_modules/express/lib/response.js:279:15)\n    at getWorkOrderAppfolio (file:///Users/emmy/projects/bles/RockCreek/server/controllers/WorkOrderController.js:94:21)\n    at process.processTicksAndRejections (node:internal/process/task_queues:95:5)"}
{"level":"error","message":{"error":"An error occurred while processing your request."}}
{"level":"error","message":"Error message"}
{"level":"error","message":"Error message"}
{"level":"error","message":"Error message"}
{"level":"error","message":"Error message"}
{"code":"ERR_HTTP_HEADERS_SENT","level":"error","message":"Failed to get or create work orders: Cannot set headers after they are sent to the client","stack":"Error [ERR_HTTP_HEADERS_SENT]: Cannot set headers after they are sent to the client\n    at ServerResponse.setHeader (node:_http_outgoing:652:11)\n    at ServerResponse.header (/Users/emmy/projects/bles/RockCreek/server/node_modules/express/lib/response.js:795:10)\n    at ServerResponse.send (/Users/emmy/projects/bles/RockCreek/server/node_modules/express/lib/response.js:175:12)\n    at ServerResponse.json (/Users/emmy/projects/bles/RockCreek/server/node_modules/express/lib/response.js:279:15)\n    at file:///Users/emmy/projects/bles/RockCreek/server/controllers/WorkOrderController.js:57:35\n    at process.processTicksAndRejections (node:internal/process/task_queues:95:5)\n    at async Promise.all (index 1)\n    at async getWorkOrderAppfolio (file:///Users/emmy/projects/bles/RockCreek/server/controllers/WorkOrderController.js:33:29)"}
{"level":"error","message":{"error":"An error occurred while processing your request."}}
{"level":"error","message":"Error message"}
{"level":"error"}
{"level":"error","message":"Failed to get or create work orders: Cannot read properties of undefined (reading 'invoice_number')","stack":"TypeError: Cannot read properties of undefined (reading 'invoice_number')\n    at file:///Users/emmy/projects/bles/RockCreek/server/controllers/WorkOrderController.js:66:37\n    at process.processTicksAndRejections (node:internal/process/task_queues:95:5)\n    at async Promise.all (index 0)\n    at async getWorkOrderAppfolio (file:///Users/emmy/projects/bles/RockCreek/server/controllers/WorkOrderController.js:33:29)"}
{"level":"error","message":{"error":"An error occurred while processing your request."}}
{"level":"error"}
{"level":"error","message":"Error message"}
{"level":"error","message":"Error message"}
{"level":"error","message":"Failed to get or create work orders: Cannot read properties of undefined (reading 'status')","stack":"TypeError: Cannot read properties of undefined (reading 'status')\n    at getWorkOrderAppfolio (file:///Users/emmy/projects/bles/RockCreek/server/controllers/WorkOrderController.js:94:9)\n    at process.processTicksAndRejections (node:internal/process/task_queues:95:5)"}
{"level":"error","message":{"error":"An error occurred while processing your request."}}
